mobile/build/intermediates/manifest_merge_blame_file/release/manifest-merger-blame-release-report.txt
1<?xml version="1.0" encoding="utf-8"?>
2<manifest xmlns:android="http://schemas.android.com/apk/res/android"
3    xmlns:http="http://schemas.android.com/apk/distribution"
4    package="com.example.one"
5    android:versionCode="1"
6    android:versionName="1.0" >
7
8    <uses-sdk
9        android:minSdkVersion="21"
9-->src\main\AndroidManifest.xml
10        android:targetSdkVersion="29" />
10-->src\main\AndroidManifest.xml
11
12    <uses-permission android:name="android.permission.READ_EXTERNAL_STORAGE" />
12-->src\main\AndroidManifest.xml:7:5-80
12-->src\main\AndroidManifest.xml:7:22-77
13
14    <application
14-->src\main\AndroidManifest.xml:9:5-40:19
15        android:allowBackup="true"
15-->src\main\AndroidManifest.xml:10:9-35
16        android:appComponentFactory="androidx.core.app.CoreComponentFactory"
16-->[androidx.core:core:1.1.0] AndroidManifest.xml:24:18-86
17        android:label="@string/app_name"
17-->src\main\AndroidManifest.xml:11:9-41
18        android:supportsRtl="true"
18-->src\main\AndroidManifest.xml:12:9-35
19        android:theme="@style/AppTheme" >
19-->src\main\AndroidManifest.xml:13:9-40
20        <activity
20-->src\main\AndroidManifest.xml:14:9-17:68
21            android:name="com.example.one.navigation_drawer"
21-->src\main\AndroidManifest.xml:15:13-46
22            android:label="@string/title_activity_navigation_drawer"
22-->src\main\AndroidManifest.xml:16:13-69
23            android:theme="@style/AppTheme.NoActionBar" />
23-->src\main\AndroidManifest.xml:17:13-56
24        <activity
24-->src\main\AndroidManifest.xml:18:9-21:59
25            android:name="com.example.one.ui.fragment1.FragmentActivity"
25-->src\main\AndroidManifest.xml:19:13-58
26            android:label="@string/title_activity_basic_activity"
26-->src\main\AndroidManifest.xml:20:13-66
27            android:theme="@style/AppTheme.NoActionBar" />
27-->src\main\AndroidManifest.xml:21:13-56
28        <activity
28-->src\main\AndroidManifest.xml:25:9-33:20
29            android:name="com.example.one.ui.login.LoginActivity"
29-->src\main\AndroidManifest.xml:26:13-51
30            android:label="@string/title_activity_login" >
30-->src\main\AndroidManifest.xml:27:13-57
31            <intent-filter>
31-->src\main\AndroidManifest.xml:28:13-32:29
32                <action android:name="android.intent.action.MAIN" />
32-->src\main\AndroidManifest.xml:29:17-69
32-->src\main\AndroidManifest.xml:29:25-66
33
34                <category android:name="android.intent.category.LAUNCHER" />
34-->src\main\AndroidManifest.xml:31:17-77
34-->src\main\AndroidManifest.xml:31:27-74
35            </intent-filter>
36        </activity>
37
38        <meta-data
38-->src\main\AndroidManifest.xml:35:9-37:47
39            android:name="com.google.android.actions"
39-->src\main\AndroidManifest.xml:36:13-54
40            android:resource="@xml/actions" />
40-->src\main\AndroidManifest.xml:37:13-44
41
42        <activity android:name="com.example.one.MainActivity" />
42-->src\main\AndroidManifest.xml:39:9-50
42-->src\main\AndroidManifest.xml:39:19-47
43
44        <provider
44-->[androidx.lifecycle:lifecycle-process:2.0.0] AndroidManifest.xml:23:9-27:43
45            android:name="androidx.lifecycle.ProcessLifecycleOwnerInitializer"
45-->[androidx.lifecycle:lifecycle-process:2.0.0] AndroidManifest.xml:24:13-79
46            android:authorities="com.example.one.lifecycle-process"
46-->[androidx.lifecycle:lifecycle-process:2.0.0] AndroidManifest.xml:25:13-69
47            android:exported="false"
47-->[androidx.lifecycle:lifecycle-process:2.0.0] AndroidManifest.xml:26:13-37
48            android:multiprocess="true" />
48-->[androidx.lifecycle:lifecycle-process:2.0.0] AndroidManifest.xml:27:13-40
49    </application>
50
51</manifest>